[2023-03-29 16:18:57,918] {manager.py:514} INFO - Processing files using up to 1 processes at a time 
[2023-03-29 16:18:57,918] {manager.py:515} INFO - Process each file at most once every 30 seconds
[2023-03-29 16:18:57,918] {manager.py:516} INFO - Checking for new files in /home/sychung/airflow/dags every 300 seconds
[2023-03-29 16:18:57,918] {manager.py:663} INFO - Searching for files in /home/sychung/airflow/dags
[2023-03-29 16:18:57,919] {manager.py:666} INFO - There are 0 files in /home/sychung/airflow/dags
[2023-03-29 16:18:57,985] {manager.py:1065} INFO - Finding 'running' jobs without a recent heartbeat
[2023-03-29 16:18:57,985] {manager.py:1069} INFO - Failing jobs without heartbeat after 2023-03-29 07:13:57.985727+00:00
[2023-03-29 16:19:09,009] {manager.py:1065} INFO - Finding 'running' jobs without a recent heartbeat
[2023-03-29 16:19:09,009] {manager.py:1069} INFO - Failing jobs without heartbeat after 2023-03-29 07:14:09.009677+00:00
[2023-03-29 16:19:19,096] {manager.py:1065} INFO - Finding 'running' jobs without a recent heartbeat
[2023-03-29 16:19:19,096] {manager.py:1069} INFO - Failing jobs without heartbeat after 2023-03-29 07:14:19.096396+00:00
[2023-03-29 16:19:29,191] {manager.py:1065} INFO - Finding 'running' jobs without a recent heartbeat
[2023-03-29 16:19:29,191] {manager.py:1069} INFO - Failing jobs without heartbeat after 2023-03-29 07:14:29.191487+00:00
[2023-03-29 16:19:39,269] {manager.py:1065} INFO - Finding 'running' jobs without a recent heartbeat
[2023-03-29 16:19:39,269] {manager.py:1069} INFO - Failing jobs without heartbeat after 2023-03-29 07:14:39.269604+00:00
[2023-03-29 16:19:49,362] {manager.py:1065} INFO - Finding 'running' jobs without a recent heartbeat
[2023-03-29 16:19:49,363] {manager.py:1069} INFO - Failing jobs without heartbeat after 2023-03-29 07:14:49.363078+00:00
[2023-03-29 16:19:59,461] {manager.py:1065} INFO - Finding 'running' jobs without a recent heartbeat
[2023-03-29 16:19:59,461] {manager.py:1069} INFO - Failing jobs without heartbeat after 2023-03-29 07:14:59.461438+00:00
[2023-03-29 16:20:09,546] {manager.py:1065} INFO - Finding 'running' jobs without a recent heartbeat
[2023-03-29 16:20:09,546] {manager.py:1069} INFO - Failing jobs without heartbeat after 2023-03-29 07:15:09.546678+00:00
[2023-03-29 16:20:19,620] {manager.py:1065} INFO - Finding 'running' jobs without a recent heartbeat
[2023-03-29 16:20:19,620] {manager.py:1069} INFO - Failing jobs without heartbeat after 2023-03-29 07:15:19.620583+00:00
[2023-03-29 16:20:29,710] {manager.py:1065} INFO - Finding 'running' jobs without a recent heartbeat
[2023-03-29 16:20:29,710] {manager.py:1069} INFO - Failing jobs without heartbeat after 2023-03-29 07:15:29.710530+00:00
[2023-03-29 16:20:39,796] {manager.py:1065} INFO - Finding 'running' jobs without a recent heartbeat
[2023-03-29 16:20:39,797] {manager.py:1069} INFO - Failing jobs without heartbeat after 2023-03-29 07:15:39.796991+00:00
[2023-03-29 16:20:49,900] {manager.py:1065} INFO - Finding 'running' jobs without a recent heartbeat
[2023-03-29 16:20:49,900] {manager.py:1069} INFO - Failing jobs without heartbeat after 2023-03-29 07:15:49.900864+00:00
[2023-03-29 16:21:00,009] {manager.py:1065} INFO - Finding 'running' jobs without a recent heartbeat
[2023-03-29 16:21:00,009] {manager.py:1069} INFO - Failing jobs without heartbeat after 2023-03-29 07:16:00.009795+00:00
[2023-03-29 16:21:10,100] {manager.py:1065} INFO - Finding 'running' jobs without a recent heartbeat
[2023-03-29 16:21:10,100] {manager.py:1069} INFO - Failing jobs without heartbeat after 2023-03-29 07:16:10.100556+00:00
[2023-03-29 16:21:20,211] {manager.py:1065} INFO - Finding 'running' jobs without a recent heartbeat
[2023-03-29 16:21:20,211] {manager.py:1069} INFO - Failing jobs without heartbeat after 2023-03-29 07:16:20.211728+00:00
[2023-03-29 16:21:30,293] {manager.py:1065} INFO - Finding 'running' jobs without a recent heartbeat
[2023-03-29 16:21:30,293] {manager.py:1069} INFO - Failing jobs without heartbeat after 2023-03-29 07:16:30.293502+00:00
[2023-03-29 16:21:40,386] {manager.py:1065} INFO - Finding 'running' jobs without a recent heartbeat
[2023-03-29 16:21:40,387] {manager.py:1069} INFO - Failing jobs without heartbeat after 2023-03-29 07:16:40.387052+00:00
[2023-03-29 16:21:50,486] {manager.py:1065} INFO - Finding 'running' jobs without a recent heartbeat
[2023-03-29 16:21:50,486] {manager.py:1069} INFO - Failing jobs without heartbeat after 2023-03-29 07:16:50.486741+00:00
[2023-03-29 16:22:00,574] {manager.py:1065} INFO - Finding 'running' jobs without a recent heartbeat
[2023-03-29 16:22:00,574] {manager.py:1069} INFO - Failing jobs without heartbeat after 2023-03-29 07:17:00.574138+00:00
[2023-03-29 16:22:10,659] {manager.py:1065} INFO - Finding 'running' jobs without a recent heartbeat
[2023-03-29 16:22:10,659] {manager.py:1069} INFO - Failing jobs without heartbeat after 2023-03-29 07:17:10.659950+00:00
[2023-03-29 16:22:20,756] {manager.py:1065} INFO - Finding 'running' jobs without a recent heartbeat
[2023-03-29 16:22:20,756] {manager.py:1069} INFO - Failing jobs without heartbeat after 2023-03-29 07:17:20.756742+00:00
[2023-03-29 16:22:30,852] {manager.py:1065} INFO - Finding 'running' jobs without a recent heartbeat
[2023-03-29 16:22:30,852] {manager.py:1069} INFO - Failing jobs without heartbeat after 2023-03-29 07:17:30.852296+00:00
[2023-03-29 16:22:40,950] {manager.py:1065} INFO - Finding 'running' jobs without a recent heartbeat
[2023-03-29 16:22:40,950] {manager.py:1069} INFO - Failing jobs without heartbeat after 2023-03-29 07:17:40.950707+00:00
[2023-03-29 16:22:51,028] {manager.py:1065} INFO - Finding 'running' jobs without a recent heartbeat
[2023-03-29 16:22:51,029] {manager.py:1069} INFO - Failing jobs without heartbeat after 2023-03-29 07:17:51.029036+00:00
[2023-03-29 16:23:01,116] {manager.py:1065} INFO - Finding 'running' jobs without a recent heartbeat
[2023-03-29 16:23:01,116] {manager.py:1069} INFO - Failing jobs without heartbeat after 2023-03-29 07:18:01.116542+00:00
[2023-03-29 16:23:11,213] {manager.py:1065} INFO - Finding 'running' jobs without a recent heartbeat
[2023-03-29 16:23:11,213] {manager.py:1069} INFO - Failing jobs without heartbeat after 2023-03-29 07:18:11.213584+00:00
[2023-03-29 16:23:21,298] {manager.py:1065} INFO - Finding 'running' jobs without a recent heartbeat
[2023-03-29 16:23:21,298] {manager.py:1069} INFO - Failing jobs without heartbeat after 2023-03-29 07:18:21.298215+00:00
[2023-03-29 16:23:31,393] {manager.py:1065} INFO - Finding 'running' jobs without a recent heartbeat
[2023-03-29 16:23:31,393] {manager.py:1069} INFO - Failing jobs without heartbeat after 2023-03-29 07:18:31.393948+00:00
[2023-03-29 16:23:41,476] {manager.py:1065} INFO - Finding 'running' jobs without a recent heartbeat
[2023-03-29 16:23:41,477] {manager.py:1069} INFO - Failing jobs without heartbeat after 2023-03-29 07:18:41.477352+00:00
[2023-03-29 16:23:51,570] {manager.py:1065} INFO - Finding 'running' jobs without a recent heartbeat
[2023-03-29 16:23:51,570] {manager.py:1069} INFO - Failing jobs without heartbeat after 2023-03-29 07:18:51.570827+00:00
[2023-03-29 16:23:57,937] {manager.py:663} INFO - Searching for files in /home/sychung/airflow/dags
[2023-03-29 16:23:57,937] {manager.py:666} INFO - There are 0 files in /home/sychung/airflow/dags
[2023-03-29 16:24:01,637] {manager.py:1065} INFO - Finding 'running' jobs without a recent heartbeat
[2023-03-29 16:24:01,638] {manager.py:1069} INFO - Failing jobs without heartbeat after 2023-03-29 07:19:01.638115+00:00
[2023-03-29 16:24:11,727] {manager.py:1065} INFO - Finding 'running' jobs without a recent heartbeat
[2023-03-29 16:24:11,727] {manager.py:1069} INFO - Failing jobs without heartbeat after 2023-03-29 07:19:11.727737+00:00
[2023-03-29 16:24:21,799] {manager.py:1065} INFO - Finding 'running' jobs without a recent heartbeat
[2023-03-29 16:24:21,799] {manager.py:1069} INFO - Failing jobs without heartbeat after 2023-03-29 07:19:21.799806+00:00
[2023-03-29 16:24:31,888] {manager.py:1065} INFO - Finding 'running' jobs without a recent heartbeat
[2023-03-29 16:24:31,888] {manager.py:1069} INFO - Failing jobs without heartbeat after 2023-03-29 07:19:31.888623+00:00
[2023-03-29 16:24:41,985] {manager.py:1065} INFO - Finding 'running' jobs without a recent heartbeat
[2023-03-29 16:24:41,985] {manager.py:1069} INFO - Failing jobs without heartbeat after 2023-03-29 07:19:41.985613+00:00
[2023-03-29 16:24:52,071] {manager.py:1065} INFO - Finding 'running' jobs without a recent heartbeat
[2023-03-29 16:24:52,072] {manager.py:1069} INFO - Failing jobs without heartbeat after 2023-03-29 07:19:52.071993+00:00
[2023-03-29 16:25:02,152] {manager.py:1065} INFO - Finding 'running' jobs without a recent heartbeat
[2023-03-29 16:25:02,152] {manager.py:1069} INFO - Failing jobs without heartbeat after 2023-03-29 07:20:02.152972+00:00
[2023-03-29 16:25:12,248] {manager.py:1065} INFO - Finding 'running' jobs without a recent heartbeat
[2023-03-29 16:25:12,248] {manager.py:1069} INFO - Failing jobs without heartbeat after 2023-03-29 07:20:12.248810+00:00
[2023-03-29 16:25:22,355] {manager.py:1065} INFO - Finding 'running' jobs without a recent heartbeat
[2023-03-29 16:25:22,355] {manager.py:1069} INFO - Failing jobs without heartbeat after 2023-03-29 07:20:22.355257+00:00
[2023-03-29 16:25:32,457] {manager.py:1065} INFO - Finding 'running' jobs without a recent heartbeat
[2023-03-29 16:25:32,457] {manager.py:1069} INFO - Failing jobs without heartbeat after 2023-03-29 07:20:32.457432+00:00
[2023-03-29 16:25:42,540] {manager.py:1065} INFO - Finding 'running' jobs without a recent heartbeat
[2023-03-29 16:25:42,540] {manager.py:1069} INFO - Failing jobs without heartbeat after 2023-03-29 07:20:42.540398+00:00
[2023-03-29 16:25:52,640] {manager.py:1065} INFO - Finding 'running' jobs without a recent heartbeat
[2023-03-29 16:25:52,640] {manager.py:1069} INFO - Failing jobs without heartbeat after 2023-03-29 07:20:52.640517+00:00
[2023-03-29 16:26:02,742] {manager.py:1065} INFO - Finding 'running' jobs without a recent heartbeat
[2023-03-29 16:26:02,742] {manager.py:1069} INFO - Failing jobs without heartbeat after 2023-03-29 07:21:02.742829+00:00
[2023-03-29 16:26:12,834] {manager.py:1065} INFO - Finding 'running' jobs without a recent heartbeat
[2023-03-29 16:26:12,834] {manager.py:1069} INFO - Failing jobs without heartbeat after 2023-03-29 07:21:12.834824+00:00
[2023-03-29 16:26:22,905] {manager.py:1065} INFO - Finding 'running' jobs without a recent heartbeat
[2023-03-29 16:26:22,906] {manager.py:1069} INFO - Failing jobs without heartbeat after 2023-03-29 07:21:22.906029+00:00
[2023-03-29 16:26:32,987] {manager.py:1065} INFO - Finding 'running' jobs without a recent heartbeat
[2023-03-29 16:26:32,987] {manager.py:1069} INFO - Failing jobs without heartbeat after 2023-03-29 07:21:32.987682+00:00
[2023-09-15T13:56:54.326+0900] {manager.py:487} INFO - Processing files using up to 1 processes at a time 
[2023-09-15T13:56:54.326+0900] {manager.py:488} INFO - Process each file at most once every 30 seconds
[2023-09-15T13:56:54.327+0900] {manager.py:489} INFO - Checking for new files in /home/sychung/airflow/dags every 300 seconds
[2023-09-15T13:56:54.327+0900] {manager.py:759} INFO - Searching for files in /home/sychung/airflow/dags
[2023-09-15T13:56:54.328+0900] {manager.py:762} INFO - There are 4 files in /home/sychung/airflow/dags
[2023-09-15T13:56:54.470+0900] {manager.py:893} INFO - 
================================================================================
DAG File Processing Stats

File Path                                  PID    Runtime      # DAGs    # Errors  Last Runtime    Last Run
-----------------------------------------  -----  ---------  --------  ----------  --------------  -------------------
/home/sychung/airflow/dags/bigquery.py                              0           0
/home/sychung/airflow/dags/sample.py                                0           0
/home/sychung/airflow/dags/pipeline.py                              0           0
/home/sychung/airflow/dags/bigquery_v2.py                           1           0  0.10s           2023-09-15T04:56:54
================================================================================
[2023-09-15T13:57:04.313+0900] {manager.py:469} INFO - Exiting gracefully upon receiving signal 15
[2023-09-15T13:58:04.122+0900] {manager.py:487} INFO - Processing files using up to 1 processes at a time 
[2023-09-15T13:58:04.123+0900] {manager.py:488} INFO - Process each file at most once every 30 seconds
[2023-09-15T13:58:04.123+0900] {manager.py:489} INFO - Checking for new files in /home/sychung/airflow/dags every 300 seconds
[2023-09-15T13:58:04.123+0900] {manager.py:759} INFO - Searching for files in /home/sychung/airflow/dags
[2023-09-15T13:58:04.125+0900] {manager.py:762} INFO - There are 4 files in /home/sychung/airflow/dags
[2023-09-15T13:58:04.260+0900] {manager.py:893} INFO - 
================================================================================
DAG File Processing Stats

File Path                                  PID    Runtime      # DAGs    # Errors  Last Runtime    Last Run
-----------------------------------------  -----  ---------  --------  ----------  --------------  -------------------
/home/sychung/airflow/dags/bigquery.py                              0           0
/home/sychung/airflow/dags/sample.py                                0           0
/home/sychung/airflow/dags/pipeline.py                              0           0
/home/sychung/airflow/dags/bigquery_v2.py                           1           0  0.10s           2023-09-15T04:58:04
================================================================================
[2023-09-15T13:58:08.840+0900] {manager.py:469} INFO - Exiting gracefully upon receiving signal 15
